<?xml version="1.0" encoding="utf-8"?><testsuites><testsuite name="pytest" errors="0" failures="0" skipped="0" tests="19" time="0.989" timestamp="2026-01-25T10:05:35.897310+00:00" hostname="agent-env-53036fbd-0ec3-4ffe-9f6d-660c531b262e"><testcase classname="backend.tests.test_klientenmanagement.TestPflegeWGs" name="test_get_all_pflege_wgs" time="0.069" /><testcase classname="backend.tests.test_klientenmanagement.TestPflegeWGs" name="test_pflege_wg_structure" time="0.035" /><testcase classname="backend.tests.test_klientenmanagement.TestPflegeWGs" name="test_get_wg_drachenwiese_detail" time="0.032" /><testcase classname="backend.tests.test_klientenmanagement.TestPflegeWGs" name="test_get_wg_sterndamm_detail" time="0.034" /><testcase classname="backend.tests.test_klientenmanagement.TestPflegeWGs" name="test_get_wg_not_found" time="0.030" /><testcase classname="backend.tests.test_klientenmanagement.TestPflegeWGs" name="test_wg_room_positions" time="0.035" /><testcase classname="backend.tests.test_klientenmanagement.TestKlientenDashboard" name="test_get_dashboard" time="0.074" /><testcase classname="backend.tests.test_klientenmanagement.TestKlientenDashboard" name="test_dashboard_pipeline_structure" time="0.034" /><testcase classname="backend.tests.test_klientenmanagement.TestKlientenDashboard" name="test_dashboard_counts_consistency" time="0.033" /><testcase classname="backend.tests.test_klientenmanagement.TestKlienten" name="test_get_all_klienten" time="0.036" /><testcase classname="backend.tests.test_klientenmanagement.TestKlienten" name="test_klient_structure" time="0.045" /><testcase classname="backend.tests.test_klientenmanagement.TestKlienten" name="test_filter_klienten_by_status" time="0.035" /><testcase classname="backend.tests.test_klientenmanagement.TestKlienten" name="test_get_single_klient" time="0.069" /><testcase classname="backend.tests.test_klientenmanagement.TestKlienten" name="test_get_klient_not_found" time="0.034" /><testcase classname="backend.tests.test_klientenmanagement.TestKlientenStatusUpdate" name="test_status_update_success" time="0.178" /><testcase classname="backend.tests.test_klientenmanagement.TestKlientenStatusUpdate" name="test_status_update_not_found" time="0.039" /><testcase classname="backend.tests.test_klientenmanagement.TestWGRoomStats" name="test_room_stats_consistency" time="0.040" /><testcase classname="backend.tests.test_klientenmanagement.TestWGRoomStats" name="test_drachenwiese_has_most_rooms" time="0.037" /><testcase classname="backend.tests.test_klientenmanagement.TestGrundrissUrls" name="test_grundriss_urls_present" time="0.046" /></testsuite></testsuites>