<?xml version="1.0" encoding="utf-8"?><testsuites><testsuite name="pytest" errors="0" failures="0" skipped="0" tests="14" time="3.219" timestamp="2026-02-13T08:02:02.409876+00:00" hostname="agent-env-b410aa09-bf03-4e42-bca7-cba02040220e"><testcase classname="backend.tests.test_klientenmanagement_v2.TestPflegeWGsOverview" name="test_get_pflege_wgs_list" time="0.134" /><testcase classname="backend.tests.test_klientenmanagement_v2.TestPflegeWGsOverview" name="test_get_pflege_wg_detail_sterndamm" time="0.148" /><testcase classname="backend.tests.test_klientenmanagement_v2.TestKostenUebersicht" name="test_get_wg_kosten" time="0.103" /><testcase classname="backend.tests.test_klientenmanagement_v2.TestKostenUebersicht" name="test_get_gesamt_kosten" time="0.102" /><testcase classname="backend.tests.test_klientenmanagement_v2.TestKlientDokumente" name="test_upload_document" time="0.197" /><testcase classname="backend.tests.test_klientenmanagement_v2.TestKlientDokumente" name="test_list_documents" time="0.265" /><testcase classname="backend.tests.test_klientenmanagement_v2.TestKlientDokumente" name="test_download_document" time="0.460" /><testcase classname="backend.tests.test_klientenmanagement_v2.TestEmailSenden" name="test_send_email_basic" time="0.295" /><testcase classname="backend.tests.test_klientenmanagement_v2.TestEmailSenden" name="test_send_email_with_attachments" time="0.479" /><testcase classname="backend.tests.test_klientenmanagement_v2.TestAktivitaetsProtokoll" name="test_klient_has_aktivitaeten" time="0.271" /><testcase classname="backend.tests.test_klientenmanagement_v2.TestAktivitaetsProtokoll" name="test_klient_has_kommunikation" time="0.246" /><testcase classname="backend.tests.test_klientenmanagement_v2.TestKlientenPipeline" name="test_get_klienten_list" time="0.130" /><testcase classname="backend.tests.test_klientenmanagement_v2.TestKlientenPipeline" name="test_get_klienten_dashboard" time="0.122" /><testcase classname="backend.tests.test_klientenmanagement_v2.TestKlientDetail" name="test_get_klient_detail" time="0.205" /></testsuite></testsuites>