<?xml version="1.0" encoding="utf-8"?><testsuites><testsuite name="pytest" errors="0" failures="0" skipped="0" tests="35" time="1.862" timestamp="2026-01-24T21:42:18.197668+00:00" hostname="agent-env-53036fbd-0ec3-4ffe-9f6d-660c531b262e"><testcase classname="backend.tests.test_domusvita_api.TestDashboard" name="test_api_root" time="0.077" /><testcase classname="backend.tests.test_domusvita_api.TestDashboard" name="test_dashboard_stats" time="0.045" /><testcase classname="backend.tests.test_domusvita_api.TestDashboard" name="test_dashboard_insights" time="0.042" /><testcase classname="backend.tests.test_domusvita_api.TestProperties" name="test_get_all_properties" time="0.037" /><testcase classname="backend.tests.test_domusvita_api.TestProperties" name="test_filter_properties_by_city" time="0.037" /><testcase classname="backend.tests.test_domusvita_api.TestProperties" name="test_filter_properties_by_type" time="0.043" /><testcase classname="backend.tests.test_domusvita_api.TestProperties" name="test_filter_properties_by_status" time="0.046" /><testcase classname="backend.tests.test_domusvita_api.TestProperties" name="test_get_cities_list" time="0.044" /><testcase classname="backend.tests.test_domusvita_api.TestProperties" name="test_get_property_types_list" time="0.040" /><testcase classname="backend.tests.test_domusvita_api.TestProperties" name="test_get_property_by_id" time="0.073" /><testcase classname="backend.tests.test_domusvita_api.TestProperties" name="test_get_nonexistent_property" time="0.038" /><testcase classname="backend.tests.test_domusvita_api.TestContacts" name="test_get_all_contacts" time="0.038" /><testcase classname="backend.tests.test_domusvita_api.TestContacts" name="test_filter_contacts_by_role_handwerker" time="0.038" /><testcase classname="backend.tests.test_domusvita_api.TestContacts" name="test_filter_contacts_by_role_mieter" time="0.040" /><testcase classname="backend.tests.test_domusvita_api.TestContacts" name="test_get_contact_roles_list" time="0.036" /><testcase classname="backend.tests.test_domusvita_api.TestContacts" name="test_search_contacts" time="0.037" /><testcase classname="backend.tests.test_domusvita_api.TestMaintenance" name="test_get_all_maintenance_tickets" time="0.038" /><testcase classname="backend.tests.test_domusvita_api.TestMaintenance" name="test_filter_tickets_by_status_offen" time="0.042" /><testcase classname="backend.tests.test_domusvita_api.TestMaintenance" name="test_filter_tickets_by_status_in_bearbeitung" time="0.038" /><testcase classname="backend.tests.test_domusvita_api.TestMaintenance" name="test_get_maintenance_categories" time="0.035" /><testcase classname="backend.tests.test_domusvita_api.TestMaintenance" name="test_get_maintenance_statuses" time="0.035" /><testcase classname="backend.tests.test_domusvita_api.TestMaintenance" name="test_get_maintenance_priorities" time="0.035" /><testcase classname="backend.tests.test_domusvita_api.TestHandwerkerPortal" name="test_handwerker_login_elektro_weber" time="0.091" /><testcase classname="backend.tests.test_domusvita_api.TestHandwerkerPortal" name="test_handwerker_login_invalid_id" time="0.042" /><testcase classname="backend.tests.test_domusvita_api.TestHandwerkerPortal" name="test_handwerker_verify_token" time="0.155" /><testcase classname="backend.tests.test_domusvita_api.TestHandwerkerPortal" name="test_handwerker_verify_invalid_token" time="0.036" /><testcase classname="backend.tests.test_domusvita_api.TestHandwerkerPortal" name="test_handwerker_get_tickets" time="0.078" /><testcase classname="backend.tests.test_domusvita_api.TestHandwerkerPortal" name="test_handwerker_status_options" time="0.035" /><testcase classname="backend.tests.test_domusvita_api.TestContracts" name="test_get_all_contracts" time="0.042" /><testcase classname="backend.tests.test_domusvita_api.TestContracts" name="test_filter_active_contracts" time="0.046" /><testcase classname="backend.tests.test_domusvita_api.TestContracts" name="test_get_contract_types_list" time="0.035" /><testcase classname="backend.tests.test_domusvita_api.TestDocuments" name="test_get_all_documents" time="0.040" /><testcase classname="backend.tests.test_domusvita_api.TestDocuments" name="test_get_document_categories" time="0.036" /><testcase classname="backend.tests.test_domusvita_api.TestUnits" name="test_get_all_units" time="0.046" /><testcase classname="backend.tests.test_domusvita_api.TestUnits" name="test_get_units_by_property" time="0.076" /></testsuite></testsuites>